Performing C SOURCE FILE Test CMAKE_HAVE_LIBC_PTHREAD failed with the following output:
Change Dir: /home/heutlett/GOT-PROJECT-3/Cliente/cmake-build-debug/CMakeFiles/CMakeTmp

Run Build Command(s):/usr/bin/make cmTC_7af54/fast && /usr/bin/make  -f CMakeFiles/cmTC_7af54.dir/build.make CMakeFiles/cmTC_7af54.dir/build
make[1]: Entering directory '/home/heutlett/GOT-PROJECT-3/Cliente/cmake-build-debug/CMakeFiles/CMakeTmp'
Building C object CMakeFiles/cmTC_7af54.dir/src.c.o
/usr/bin/cc   -DCMAKE_HAVE_LIBC_PTHREAD   -o CMakeFiles/cmTC_7af54.dir/src.c.o   -c /home/heutlett/GOT-PROJECT-3/Cliente/cmake-build-debug/CMakeFiles/CMakeTmp/src.c
Linking C executable cmTC_7af54
/snap/clion/123/bin/cmake/linux/bin/cmake -E cmake_link_script CMakeFiles/cmTC_7af54.dir/link.txt --verbose=1
/usr/bin/cc  -DCMAKE_HAVE_LIBC_PTHREAD    CMakeFiles/cmTC_7af54.dir/src.c.o  -o cmTC_7af54 
/usr/bin/ld: CMakeFiles/cmTC_7af54.dir/src.c.o: in function `main':
src.c:(.text+0x46): undefined reference to `pthread_create'
/usr/bin/ld: src.c:(.text+0x52): undefined reference to `pthread_detach'
/usr/bin/ld: src.c:(.text+0x5e): undefined reference to `pthread_cancel'
/usr/bin/ld: src.c:(.text+0x6f): undefined reference to `pthread_join'
collect2: error: ld returned 1 exit status
make[1]: *** [CMakeFiles/cmTC_7af54.dir/build.make:107: cmTC_7af54] Error 1
make[1]: Leaving directory '/home/heutlett/GOT-PROJECT-3/Cliente/cmake-build-debug/CMakeFiles/CMakeTmp'
make: *** [Makefile:141: cmTC_7af54/fast] Error 2


Source file was:
#include <pthread.h>

void* test_func(void* data)
{
  return data;
}

int main(void)
{
  pthread_t thread;
  pthread_create(&thread, NULL, test_func, NULL);
  pthread_detach(thread);
  pthread_cancel(thread);
  pthread_join(thread, NULL);
  pthread_atfork(NULL, NULL, NULL);
  pthread_exit(NULL);

  return 0;
}

Determining if the function pthread_create exists in the pthreads failed with the following output:
Change Dir: /home/heutlett/GOT-PROJECT-3/Cliente/cmake-build-debug/CMakeFiles/CMakeTmp

Run Build Command(s):/usr/bin/make cmTC_ca094/fast && /usr/bin/make  -f CMakeFiles/cmTC_ca094.dir/build.make CMakeFiles/cmTC_ca094.dir/build
make[1]: Entering directory '/home/heutlett/GOT-PROJECT-3/Cliente/cmake-build-debug/CMakeFiles/CMakeTmp'
Building C object CMakeFiles/cmTC_ca094.dir/CheckFunctionExists.c.o
/usr/bin/cc   -DCHECK_FUNCTION_EXISTS=pthread_create   -o CMakeFiles/cmTC_ca094.dir/CheckFunctionExists.c.o   -c /snap/clion/123/bin/cmake/linux/share/cmake-3.17/Modules/CheckFunctionExists.c
Linking C executable cmTC_ca094
/snap/clion/123/bin/cmake/linux/bin/cmake -E cmake_link_script CMakeFiles/cmTC_ca094.dir/link.txt --verbose=1
/usr/bin/cc  -DCHECK_FUNCTION_EXISTS=pthread_create    CMakeFiles/cmTC_ca094.dir/CheckFunctionExists.c.o  -o cmTC_ca094  -lpthreads 
/usr/bin/ld: cannot find -lpthreads
collect2: error: ld returned 1 exit status
make[1]: *** [CMakeFiles/cmTC_ca094.dir/build.make:107: cmTC_ca094] Error 1
make[1]: Leaving directory '/home/heutlett/GOT-PROJECT-3/Cliente/cmake-build-debug/CMakeFiles/CMakeTmp'
make: *** [Makefile:141: cmTC_ca094/fast] Error 2



