Performing C SOURCE FILE Test CMAKE_HAVE_LIBC_PTHREAD failed with the following output:
Change Dir: /home/jose/Escritorio/Proyecto 3/GOT-PROJECT-3/Cliente/CMakeFiles/CMakeTmp

Run Build Command(s):/usr/bin/make cmTC_4b6df/fast && /usr/bin/make  -f CMakeFiles/cmTC_4b6df.dir/build.make CMakeFiles/cmTC_4b6df.dir/build
make[1]: se entra en el directorio '/home/jose/Escritorio/Proyecto 3/GOT-PROJECT-3/Cliente/CMakeFiles/CMakeTmp'
Building C object CMakeFiles/cmTC_4b6df.dir/src.c.o
/usr/bin/cc   -DCMAKE_HAVE_LIBC_PTHREAD   -o CMakeFiles/cmTC_4b6df.dir/src.c.o   -c "/home/jose/Escritorio/Proyecto 3/GOT-PROJECT-3/Cliente/CMakeFiles/CMakeTmp/src.c"
Linking C executable cmTC_4b6df
/home/jose/Documentos/clion-2020.2/bin/cmake/linux/bin/cmake -E cmake_link_script CMakeFiles/cmTC_4b6df.dir/link.txt --verbose=1
/usr/bin/cc  -DCMAKE_HAVE_LIBC_PTHREAD    CMakeFiles/cmTC_4b6df.dir/src.c.o  -o cmTC_4b6df 
CMakeFiles/cmTC_4b6df.dir/src.c.o: En la función `main':
src.c:(.text+0x3e): referencia a `pthread_create' sin definir
src.c:(.text+0x4a): referencia a `pthread_detach' sin definir
src.c:(.text+0x56): referencia a `pthread_cancel' sin definir
src.c:(.text+0x67): referencia a `pthread_join' sin definir
src.c:(.text+0x7b): referencia a `pthread_atfork' sin definir
collect2: error: ld returned 1 exit status
CMakeFiles/cmTC_4b6df.dir/build.make:106: fallo en las instrucciones para el objetivo 'cmTC_4b6df'
make[1]: *** [cmTC_4b6df] Error 1
make[1]: se sale del directorio '/home/jose/Escritorio/Proyecto 3/GOT-PROJECT-3/Cliente/CMakeFiles/CMakeTmp'
Makefile:141: fallo en las instrucciones para el objetivo 'cmTC_4b6df/fast'
make: *** [cmTC_4b6df/fast] Error 2


Source file was:
#include <pthread.h>

void* test_func(void* data)
{
  return data;
}

int main(void)
{
  pthread_t thread;
  pthread_create(&thread, NULL, test_func, NULL);
  pthread_detach(thread);
  pthread_cancel(thread);
  pthread_join(thread, NULL);
  pthread_atfork(NULL, NULL, NULL);
  pthread_exit(NULL);

  return 0;
}

Determining if the function pthread_create exists in the pthreads failed with the following output:
Change Dir: /home/jose/Escritorio/Proyecto 3/GOT-PROJECT-3/Cliente/CMakeFiles/CMakeTmp

Run Build Command(s):/usr/bin/make cmTC_17ecd/fast && /usr/bin/make  -f CMakeFiles/cmTC_17ecd.dir/build.make CMakeFiles/cmTC_17ecd.dir/build
make[1]: se entra en el directorio '/home/jose/Escritorio/Proyecto 3/GOT-PROJECT-3/Cliente/CMakeFiles/CMakeTmp'
Building C object CMakeFiles/cmTC_17ecd.dir/CheckFunctionExists.c.o
/usr/bin/cc   -DCHECK_FUNCTION_EXISTS=pthread_create   -o CMakeFiles/cmTC_17ecd.dir/CheckFunctionExists.c.o   -c /home/jose/Documentos/clion-2020.2/bin/cmake/linux/share/cmake-3.17/Modules/CheckFunctionExists.c
Linking C executable cmTC_17ecd
/home/jose/Documentos/clion-2020.2/bin/cmake/linux/bin/cmake -E cmake_link_script CMakeFiles/cmTC_17ecd.dir/link.txt --verbose=1
/usr/bin/cc  -DCHECK_FUNCTION_EXISTS=pthread_create    CMakeFiles/cmTC_17ecd.dir/CheckFunctionExists.c.o  -o cmTC_17ecd  -lpthreads 
/usr/bin/ld: no se puede encontrar -lpthreads
collect2: error: ld returned 1 exit status
CMakeFiles/cmTC_17ecd.dir/build.make:106: fallo en las instrucciones para el objetivo 'cmTC_17ecd'
make[1]: *** [cmTC_17ecd] Error 1
make[1]: se sale del directorio '/home/jose/Escritorio/Proyecto 3/GOT-PROJECT-3/Cliente/CMakeFiles/CMakeTmp'
Makefile:141: fallo en las instrucciones para el objetivo 'cmTC_17ecd/fast'
make: *** [cmTC_17ecd/fast] Error 2



